
SQL*Loader: Release 10.1.0.5.0 - Production on Mon Aug 18 21:43:40 2008

Copyright (c) 1982, 2005, Oracle.  All rights reserved.

Control File:   clobdemo.ctl
Data File:      demo.dat
  File processing option string: "STR '|'"
  Bad File:     demo.bad
  Discard File:  none specified
 
 (Allow all discards)

Number to load: ALL
Number to skip: 0
Errors allowed: 50
Bind array:     64 rows, maximum of 256000 bytes
Continuation:    none specified
Path used:      Conventional

Table CLOBDEMO, loaded from every logical record.
Insert option in effect for this table: APPEND

   Column Name                  Position   Len  Term Encl Datatype
------------------------------ ---------- ----- ---- ---- ---------------------
NAME                                 1:16    16           CHARACTER            
DESCRIPTION                        18:256   239           CHARACTER            
    DEFAULT if DESCRIPTION = BLANKS


Table CLOBDEMO:
  3 Rows successfully loaded.
  0 Rows not loaded due to data errors.
  0 Rows not loaded because all WHEN clauses were failed.
  0 Rows not loaded because all fields were null.


Space allocated for bind array:                  16640 bytes(64 rows)
Read   buffer bytes: 1048576

Total logical records skipped:          0
Total logical records read:             3
Total logical records rejected:         0
Total logical records discarded:        0

Run began on Mon Aug 18 21:43:40 2008
Run ended on Mon Aug 18 21:43:40 2008

Elapsed time was:     00:00:00.20
CPU time was:         00:00:00.05
