
SQL*Loader: Release 10.1.0.5.0 - Production on Mon Aug 18 22:54:31 2008

Copyright (c) 1982, 2005, Oracle.  All rights reserved.

Control File:   escapedChars.ctl
Data File:      escapedChars.ctl
  Bad File:     escapedChars.bad
  Discard File:  none specified
 
 (Allow all discards)

Number to load: ALL
Number to skip: 0
Errors allowed: 50
Bind array:     64 rows, maximum of 256000 bytes
Continuation:    none specified
Path used:      Conventional

Table ABC, loaded from every logical record.
Insert option in effect for this table: APPEND

   Column Name                  Position   Len  Term Encl Datatype
------------------------------ ---------- ----- ---- ---- ---------------------
ID                                  FIRST     *   :       CHARACTER            
ABC                                  NEXT     *   :       CHARACTER            


Table ABC:
  9 Rows successfully loaded.
  0 Rows not loaded due to data errors.
  0 Rows not loaded because all WHEN clauses were failed.
  0 Rows not loaded because all fields were null.


Space allocated for bind array:                  33024 bytes(64 rows)
Read   buffer bytes: 1048576

Total logical records skipped:          0
Total logical records read:             9
Total logical records rejected:         0
Total logical records discarded:        0

Run began on Mon Aug 18 22:54:31 2008
Run ended on Mon Aug 18 22:54:31 2008

Elapsed time was:     00:00:00.19
CPU time was:         00:00:00.05
