
SQL*Loader: Release 10.1.0.5.0 - Production on Wed Aug 13 20:03:46 2008

Copyright (c) 1982, 2005, Oracle.  All rights reserved.

Control File:   ImageLoader2.ctl
Data File:      ImageLoader2.ctl
  Bad File:     ImageLoader2.bad
  Discard File:  none specified
 
 (Allow all discards)

Number to load: ALL
Number to skip: 0
Errors allowed: 50
Bind array:     64 rows, maximum of 256000 bytes
Continuation:    none specified
Path used:      Conventional

Table IMAGE_TABLE, loaded from every logical record.
Insert option in effect for this table: REPLACE

   Column Name                  Position   Len  Term Encl Datatype
------------------------------ ---------- ----- ---- ---- ---------------------
IMAGE_ID                            FIRST     *   ,       CHARACTER            
FILE_NAME                            NEXT     *   ,       CHARACTER            
IMAGE_DATA                        DERIVED     *  EOF      CHARACTER            
    Dynamic LOBFILE.  Filename in field FILE_NAME


Table IMAGE_TABLE:
  3 Rows successfully loaded.
  0 Rows not loaded due to data errors.
  0 Rows not loaded because all WHEN clauses were failed.
  0 Rows not loaded because all fields were null.


Space allocated for bind array:                  33024 bytes(64 rows)
Read   buffer bytes: 1048576

Total logical records skipped:          0
Total logical records read:             3
Total logical records rejected:         0
Total logical records discarded:        0

Run began on Wed Aug 13 20:03:46 2008
Run ended on Wed Aug 13 20:03:46 2008

Elapsed time was:     00:00:00.33
CPU time was:         00:00:00.03
