
SQL*Loader: Release 10.1.0.5.0 - Production on Wed Aug 13 19:10:05 2008

Copyright (c) 1982, 2005, Oracle.  All rights reserved.

Control File:   ImageLoader.ctl
Data File:      ImageLoader.ctl
  Bad File:     ImageLoader.bad
  Discard File:  none specified
 
 (Allow all discards)

Number to load: ALL
Number to skip: 0
Errors allowed: 50
Bind array:     64 rows, maximum of 256000 bytes
Continuation:    none specified
Path used:      Conventional

Table IMAGES, loaded from every logical record.
Insert option in effect for this table: REPLACE

   Column Name                  Position   Len  Term Encl Datatype
------------------------------ ---------- ----- ---- ---- ---------------------
ID                                  FIRST     5           INTEGER              
NAME                                 NEXT    50   ,       CHARACTER            
IMAGE                             DERIVED     *  EOF      CHARACTER            
    Dynamic LOBFILE.  Filename in field NAME

Record 1: Rejected - Error on table IMAGES.
ORA-01460: unimplemented or unreasonable conversion requested

Record 2: Rejected - Error on table IMAGES.
ORA-01460: unimplemented or unreasonable conversion requested

Record 3: Rejected - Error on table IMAGES.
ORA-01460: unimplemented or unreasonable conversion requested


Table IMAGES:
  0 Rows successfully loaded.
  3 Rows not loaded due to data errors.
  0 Rows not loaded because all WHEN clauses were failed.
  0 Rows not loaded because all fields were null.


Space allocated for bind array:                   3648 bytes(64 rows)
Read   buffer bytes: 1048576

Total logical records skipped:          0
Total logical records read:             3
Total logical records rejected:         3
Total logical records discarded:        0

Run began on Wed Aug 13 19:10:05 2008
Run ended on Wed Aug 13 19:10:05 2008

Elapsed time was:     00:00:00.26
CPU time was:         00:00:00.04
